<?xml version="1.0" encoding="UTF-8"?>
<testsuite xmlns:xsi="http://www.w3.org/2001/XMLSchema-instance" xsi:noNamespaceSchemaLocation="https://maven.apache.org/surefire/maven-surefire-plugin/xsd/surefire-test-report-3.0.xsd" version="3.0" name="com.asterexcrisys.acm.VaultManagerUnitTests" time="0.016" tests="2" errors="2" skipped="0" failures="0">
  <properties>
    <property name="java.specification.version" value="21"/>
    <property name="sun.cpu.isalist" value="amd64"/>
    <property name="sun.jnu.encoding" value="Cp1252"/>
    <property name="java.class.path" value="C:\Users\user\IdeaProjects\PasswordManager\target\test-classes;C:\Users\user\IdeaProjects\PasswordManager\target\classes;C:\Users\user\.m2\repository\com\github\oshi\oshi-core\6.9.1\oshi-core-6.9.1.jar;C:\Users\user\.m2\repository\net\java\dev\jna\jna\5.18.1\jna-5.18.1.jar;C:\Users\user\.m2\repository\net\java\dev\jna\jna-platform\5.18.1\jna-platform-5.18.1.jar;C:\Users\user\.m2\repository\org\slf4j\slf4j-api\2.0.17\slf4j-api-2.0.17.jar;C:\Users\user\.m2\repository\org\jline\jline\3.30.6\jline-3.30.6.jar;C:\Users\user\.m2\repository\com\github\AsterExcrisys\tpm-java\v1.0.0\tpm-java-v1.0.0.jar;C:\Users\user\.m2\repository\com\github\AsterExcrisys\tpm-java\attestation\v1.0.0\attestation-v1.0.0.jar;C:\Users\user\.m2\repository\com\google\protobuf\protobuf-java\3.22.3\protobuf-java-3.22.3.jar;C:\Users\user\.m2\repository\com\github\AsterExcrisys\tpm-java\attestation-tester\v1.0.0\attestation-tester-v1.0.0.jar;C:\Users\user\.m2\repository\com\beust\jcommander\1.82\jcommander-1.82.jar;C:\Users\user\.m2\repository\com\github\AsterExcrisys\tpm-java\tpm\v1.0.0\tpm-v1.0.0.jar;C:\Users\user\.m2\repository\com\microsoft\azure\TSS.Java\1.0.0\TSS.Java-1.0.0.jar;C:\Users\user\.m2\repository\com\github\AsterExcrisys\tpm-java\tpm-tester\v1.0.0\tpm-tester-v1.0.0.jar;C:\Users\user\.m2\repository\com\github\AsterExcrisys\tpm-java\ttp\v1.0.0\ttp-v1.0.0.jar;C:\Users\user\.m2\repository\io\grpc\grpc-netty-shaded\1.54.1\grpc-netty-shaded-1.54.1.jar;C:\Users\user\.m2\repository\com\google\guava\guava\31.1-android\guava-31.1-android.jar;C:\Users\user\.m2\repository\com\google\guava\failureaccess\1.0.1\failureaccess-1.0.1.jar;C:\Users\user\.m2\repository\com\google\guava\listenablefuture\9999.0-empty-to-avoid-conflict-with-guava\listenablefuture-9999.0-empty-to-avoid-conflict-with-guava.jar;C:\Users\user\.m2\repository\org\checkerframework\checker-qual\3.12.0\checker-qual-3.12.0.jar;C:\Users\user\.m2\repository\com\google\j2objc\j2objc-annotations\1.3\j2objc-annotations-1.3.jar;C:\Users\user\.m2\repository\com\google\errorprone\error_prone_annotations\2.18.0\error_prone_annotations-2.18.0.jar;C:\Users\user\.m2\repository\io\perfmark\perfmark-api\0.25.0\perfmark-api-0.25.0.jar;C:\Users\user\.m2\repository\io\grpc\grpc-core\1.54.1\grpc-core-1.54.1.jar;C:\Users\user\.m2\repository\com\google\code\gson\gson\2.9.0\gson-2.9.0.jar;C:\Users\user\.m2\repository\com\google\android\annotations\4.1.1.4\annotations-4.1.1.4.jar;C:\Users\user\.m2\repository\org\codehaus\mojo\animal-sniffer-annotations\1.21\animal-sniffer-annotations-1.21.jar;C:\Users\user\.m2\repository\io\grpc\grpc-protobuf\1.54.1\grpc-protobuf-1.54.1.jar;C:\Users\user\.m2\repository\io\grpc\grpc-api\1.54.1\grpc-api-1.54.1.jar;C:\Users\user\.m2\repository\io\grpc\grpc-context\1.54.1\grpc-context-1.54.1.jar;C:\Users\user\.m2\repository\com\google\code\findbugs\jsr305\3.0.2\jsr305-3.0.2.jar;C:\Users\user\.m2\repository\com\google\api\grpc\proto-google-common-protos\2.9.0\proto-google-common-protos-2.9.0.jar;C:\Users\user\.m2\repository\io\grpc\grpc-protobuf-lite\1.54.1\grpc-protobuf-lite-1.54.1.jar;C:\Users\user\.m2\repository\io\grpc\grpc-stub\1.54.1\grpc-stub-1.54.1.jar;C:\Users\user\.m2\repository\com\github\AsterExcrisys\tpm-java\ttp-tool\v1.0.0\ttp-tool-v1.0.0.jar;C:\Users\user\.m2\repository\io\github\willena\sqlite-jdbc\3.50.1.0\sqlite-jdbc-3.50.1.0.jar;C:\Users\user\.m2\repository\org\bouncycastle\bcprov-jdk18on\1.82\bcprov-jdk18on-1.82.jar;C:\Users\user\.m2\repository\org\bouncycastle\bcpkix-jdk18on\1.82\bcpkix-jdk18on-1.82.jar;C:\Users\user\.m2\repository\org\bouncycastle\bcutil-jdk18on\1.82\bcutil-jdk18on-1.82.jar;C:\Users\user\.m2\repository\org\apache\logging\log4j\log4j-slf4j2-impl\2.25.2\log4j-slf4j2-impl-2.25.2.jar;C:\Users\user\.m2\repository\org\apache\logging\log4j\log4j-api\2.25.2\log4j-api-2.25.2.jar;C:\Users\user\.m2\repository\org\apache\logging\log4j\log4j-core\2.25.2\log4j-core-2.25.2.jar;C:\Users\user\.m2\repository\org\junit\jupiter\junit-jupiter-api\6.0.0\junit-jupiter-api-6.0.0.jar;C:\Users\user\.m2\repository\org\opentest4j\opentest4j\1.3.0\opentest4j-1.3.0.jar;C:\Users\user\.m2\repository\org\junit\platform\junit-platform-commons\6.0.0\junit-platform-commons-6.0.0.jar;C:\Users\user\.m2\repository\org\apiguardian\apiguardian-api\1.1.2\apiguardian-api-1.1.2.jar;C:\Users\user\.m2\repository\org\jspecify\jspecify\1.0.0\jspecify-1.0.0.jar;"/>
    <property name="java.vm.vendor" value="Amazon.com Inc."/>
    <property name="sun.arch.data.model" value="64"/>
    <property name="user.variant" value=""/>
    <property name="java.vendor.url" value="https://aws.amazon.com/corretto/"/>
    <property name="user.timezone" value="Europe/Rome"/>
    <property name="os.name" value="Windows 11"/>
    <property name="java.vm.specification.version" value="21"/>
    <property name="sun.java.launcher" value="SUN_STANDARD"/>
    <property name="user.country" value="GB"/>
    <property name="sun.boot.library.path" value="C:\Users\user\.jdks\corretto-21.0.7\bin"/>
    <property name="sun.java.command" value="C:\Users\user\AppData\Local\Temp\surefire11078243654544698578\surefirebooter-20251029231353464_3.jar C:\Users\user\AppData\Local\Temp\surefire11078243654544698578 2025-10-29T23-13-50_486-jvmRun1 surefire-20251029231353464_1tmp surefire_0-20251029231353464_2tmp"/>
    <property name="jdk.debug" value="release"/>
    <property name="surefire.test.class.path" value="C:\Users\user\IdeaProjects\PasswordManager\target\test-classes;C:\Users\user\IdeaProjects\PasswordManager\target\classes;C:\Users\user\.m2\repository\com\github\oshi\oshi-core\6.9.1\oshi-core-6.9.1.jar;C:\Users\user\.m2\repository\net\java\dev\jna\jna\5.18.1\jna-5.18.1.jar;C:\Users\user\.m2\repository\net\java\dev\jna\jna-platform\5.18.1\jna-platform-5.18.1.jar;C:\Users\user\.m2\repository\org\slf4j\slf4j-api\2.0.17\slf4j-api-2.0.17.jar;C:\Users\user\.m2\repository\org\jline\jline\3.30.6\jline-3.30.6.jar;C:\Users\user\.m2\repository\com\github\AsterExcrisys\tpm-java\v1.0.0\tpm-java-v1.0.0.jar;C:\Users\user\.m2\repository\com\github\AsterExcrisys\tpm-java\attestation\v1.0.0\attestation-v1.0.0.jar;C:\Users\user\.m2\repository\com\google\protobuf\protobuf-java\3.22.3\protobuf-java-3.22.3.jar;C:\Users\user\.m2\repository\com\github\AsterExcrisys\tpm-java\attestation-tester\v1.0.0\attestation-tester-v1.0.0.jar;C:\Users\user\.m2\repository\com\beust\jcommander\1.82\jcommander-1.82.jar;C:\Users\user\.m2\repository\com\github\AsterExcrisys\tpm-java\tpm\v1.0.0\tpm-v1.0.0.jar;C:\Users\user\.m2\repository\com\microsoft\azure\TSS.Java\1.0.0\TSS.Java-1.0.0.jar;C:\Users\user\.m2\repository\com\github\AsterExcrisys\tpm-java\tpm-tester\v1.0.0\tpm-tester-v1.0.0.jar;C:\Users\user\.m2\repository\com\github\AsterExcrisys\tpm-java\ttp\v1.0.0\ttp-v1.0.0.jar;C:\Users\user\.m2\repository\io\grpc\grpc-netty-shaded\1.54.1\grpc-netty-shaded-1.54.1.jar;C:\Users\user\.m2\repository\com\google\guava\guava\31.1-android\guava-31.1-android.jar;C:\Users\user\.m2\repository\com\google\guava\failureaccess\1.0.1\failureaccess-1.0.1.jar;C:\Users\user\.m2\repository\com\google\guava\listenablefuture\9999.0-empty-to-avoid-conflict-with-guava\listenablefuture-9999.0-empty-to-avoid-conflict-with-guava.jar;C:\Users\user\.m2\repository\org\checkerframework\checker-qual\3.12.0\checker-qual-3.12.0.jar;C:\Users\user\.m2\repository\com\google\j2objc\j2objc-annotations\1.3\j2objc-annotations-1.3.jar;C:\Users\user\.m2\repository\com\google\errorprone\error_prone_annotations\2.18.0\error_prone_annotations-2.18.0.jar;C:\Users\user\.m2\repository\io\perfmark\perfmark-api\0.25.0\perfmark-api-0.25.0.jar;C:\Users\user\.m2\repository\io\grpc\grpc-core\1.54.1\grpc-core-1.54.1.jar;C:\Users\user\.m2\repository\com\google\code\gson\gson\2.9.0\gson-2.9.0.jar;C:\Users\user\.m2\repository\com\google\android\annotations\4.1.1.4\annotations-4.1.1.4.jar;C:\Users\user\.m2\repository\org\codehaus\mojo\animal-sniffer-annotations\1.21\animal-sniffer-annotations-1.21.jar;C:\Users\user\.m2\repository\io\grpc\grpc-protobuf\1.54.1\grpc-protobuf-1.54.1.jar;C:\Users\user\.m2\repository\io\grpc\grpc-api\1.54.1\grpc-api-1.54.1.jar;C:\Users\user\.m2\repository\io\grpc\grpc-context\1.54.1\grpc-context-1.54.1.jar;C:\Users\user\.m2\repository\com\google\code\findbugs\jsr305\3.0.2\jsr305-3.0.2.jar;C:\Users\user\.m2\repository\com\google\api\grpc\proto-google-common-protos\2.9.0\proto-google-common-protos-2.9.0.jar;C:\Users\user\.m2\repository\io\grpc\grpc-protobuf-lite\1.54.1\grpc-protobuf-lite-1.54.1.jar;C:\Users\user\.m2\repository\io\grpc\grpc-stub\1.54.1\grpc-stub-1.54.1.jar;C:\Users\user\.m2\repository\com\github\AsterExcrisys\tpm-java\ttp-tool\v1.0.0\ttp-tool-v1.0.0.jar;C:\Users\user\.m2\repository\io\github\willena\sqlite-jdbc\3.50.1.0\sqlite-jdbc-3.50.1.0.jar;C:\Users\user\.m2\repository\org\bouncycastle\bcprov-jdk18on\1.82\bcprov-jdk18on-1.82.jar;C:\Users\user\.m2\repository\org\bouncycastle\bcpkix-jdk18on\1.82\bcpkix-jdk18on-1.82.jar;C:\Users\user\.m2\repository\org\bouncycastle\bcutil-jdk18on\1.82\bcutil-jdk18on-1.82.jar;C:\Users\user\.m2\repository\org\apache\logging\log4j\log4j-slf4j2-impl\2.25.2\log4j-slf4j2-impl-2.25.2.jar;C:\Users\user\.m2\repository\org\apache\logging\log4j\log4j-api\2.25.2\log4j-api-2.25.2.jar;C:\Users\user\.m2\repository\org\apache\logging\log4j\log4j-core\2.25.2\log4j-core-2.25.2.jar;C:\Users\user\.m2\repository\org\junit\jupiter\junit-jupiter-api\6.0.0\junit-jupiter-api-6.0.0.jar;C:\Users\user\.m2\repository\org\opentest4j\opentest4j\1.3.0\opentest4j-1.3.0.jar;C:\Users\user\.m2\repository\org\junit\platform\junit-platform-commons\6.0.0\junit-platform-commons-6.0.0.jar;C:\Users\user\.m2\repository\org\apiguardian\apiguardian-api\1.1.2\apiguardian-api-1.1.2.jar;C:\Users\user\.m2\repository\org\jspecify\jspecify\1.0.0\jspecify-1.0.0.jar;"/>
    <property name="sun.cpu.endian" value="little"/>
    <property name="user.home" value="C:\Users\user"/>
    <property name="user.language" value="en"/>
    <property name="java.specification.vendor" value="Oracle Corporation"/>
    <property name="java.version.date" value="2025-04-15"/>
    <property name="java.home" value="C:\Users\user\.jdks\corretto-21.0.7"/>
    <property name="file.separator" value="\"/>
    <property name="basedir" value="C:\Users\user\IdeaProjects\PasswordManager"/>
    <property name="java.vm.compressedOopsMode" value="Zero based"/>
    <property name="line.separator" value="&#10;"/>
    <property name="java.vm.specification.vendor" value="Oracle Corporation"/>
    <property name="java.specification.name" value="Java Platform API Specification"/>
    <property name="surefire.real.class.path" value="C:\Users\user\AppData\Local\Temp\surefire11078243654544698578\surefirebooter-20251029231353464_3.jar"/>
    <property name="user.script" value=""/>
    <property name="sun.management.compiler" value="HotSpot 64-Bit Tiered Compilers"/>
    <property name="java.runtime.version" value="21.0.7+6-LTS"/>
    <property name="user.name" value="user"/>
    <property name="stdout.encoding" value="Cp1252"/>
    <property name="path.separator" value=";"/>
    <property name="os.version" value="10.0"/>
    <property name="java.runtime.name" value="OpenJDK Runtime Environment"/>
    <property name="file.encoding" value="UTF-8"/>
    <property name="java.vm.name" value="OpenJDK 64-Bit Server VM"/>
    <property name="java.vendor.version" value="Corretto-21.0.7.6.1"/>
    <property name="localRepository" value="C:\Users\user\.m2\repository"/>
    <property name="java.vendor.url.bug" value="https://github.com/corretto/corretto-21/issues/"/>
    <property name="java.io.tmpdir" value="C:\Users\user\AppData\Local\Temp\"/>
    <property name="java.version" value="21.0.7"/>
    <property name="user.dir" value="C:\Users\user\IdeaProjects\PasswordManager"/>
    <property name="os.arch" value="amd64"/>
    <property name="java.vm.specification.name" value="Java Virtual Machine Specification"/>
    <property name="sun.os.patch.level" value=""/>
    <property name="native.encoding" value="Cp1252"/>
    <property name="java.library.path" value="C:\Users\user\.jdks\corretto-21.0.7\bin;C:\WINDOWS\Sun\Java\bin;C:\WINDOWS\system32;C:\WINDOWS;C:\WINDOWS\system32;C:\WINDOWS;C:\WINDOWS\System32\Wbem;C:\WINDOWS\System32\WindowsPowerShell\v1.0\;C:\WINDOWS\System32\OpenSSH\;C:\Program Files\Git\cmd;C:\ProgramData\chocolatey\bin;C:\ProgramData\chocolatey\lib\maven\apache-maven-3.9.9\bin;C:\Users\user\AppData\Local\nvm;C:\nvm4w\nodejs;C:\Program Files\MATLAB\R2025b\bin;C:\Users\user\AppData\Local\Programs\Python\Python313\Scripts\;C:\Users\user\AppData\Local\Programs\Python\Python313\;C:\Users\user\.cargo\bin;C:\Users\user\AppData\Local\Microsoft\WindowsApps;C:\Users\user\AppData\Local\Programs\Microsoft VS Code\bin;C:\Program Files\JetBrains\IntelliJ IDEA 2024.3.1.1\bin;;C:\Program Files\JetBrains\CLion 2024.3.1.1\bin;;C:\Program Files\JetBrains\PyCharm 2024.3.1.1\bin;;C:\Program Files\JetBrains\DataGrip 2024.3.3\bin;;C:\Program Files\JetBrains\GoLand 2024.3.1\bin;;C:\Program Files\JetBrains\CLion 2024.3.1.1\bin\mingw\bin;C:\Users\user\.jdks\openjdk-23.0.1\bin;C:\Program Files (x86)\Nmap;C:\Program Files\JetBrains\WebStorm 2025.1\bin;;C:\Users\user\AppData\Local\nvm;C:\nvm4w\nodejs;C:\iverilog\bin;C:\iverilog\gtkwave\bin;C:\Users\user\AppData\Local\bin\NASM;;."/>
    <property name="java.vm.info" value="mixed mode, sharing"/>
    <property name="stderr.encoding" value="Cp1252"/>
    <property name="java.vendor" value="Amazon.com Inc."/>
    <property name="java.vm.version" value="21.0.7+6-LTS"/>
    <property name="sun.io.unicode.encoding" value="UnicodeLittle"/>
    <property name="java.class.version" value="65.0"/>
  </properties>
  <testcase name="shouldRemoveVaultFromDatabase" classname="com.asterexcrisys.acm.VaultManagerUnitTests" time="0.011">
    <error type="com.asterexcrisys.acm.exceptions.DerivationException"><![CDATA[com.asterexcrisys.acm.exceptions.DerivationException
	at java.base/java.util.Optional.orElseThrow(Optional.java:403)
	at com.asterexcrisys.acm.VaultManager.<init>(VaultManager.java:46)
	at com.asterexcrisys.acm.VaultManagerUnitTests.setUp(VaultManagerUnitTests.java:21)
	Suppressed: java.lang.NullPointerException: Cannot invoke "com.asterexcrisys.acm.VaultManager.close()" because "this.manager" is null
		at com.asterexcrisys.acm.VaultManagerUnitTests.tearDown(VaultManagerUnitTests.java:26)
]]></error>
  </testcase>
  <testcase name="shouldAddVaultToDatabase" classname="com.asterexcrisys.acm.VaultManagerUnitTests" time="0.002">
    <error type="com.asterexcrisys.acm.exceptions.DerivationException"><![CDATA[com.asterexcrisys.acm.exceptions.DerivationException
	at java.base/java.util.Optional.orElseThrow(Optional.java:403)
	at com.asterexcrisys.acm.VaultManager.<init>(VaultManager.java:46)
	at com.asterexcrisys.acm.VaultManagerUnitTests.setUp(VaultManagerUnitTests.java:21)
	Suppressed: java.lang.NullPointerException: Cannot invoke "com.asterexcrisys.acm.VaultManager.close()" because "this.manager" is null
		at com.asterexcrisys.acm.VaultManagerUnitTests.tearDown(VaultManagerUnitTests.java:26)
]]></error>
  </testcase>
</testsuite>